 
Dhrystone Benchmark, Version 2.1 (Language: C)
 
Program compiled without 'register' attribute
 
Execution starts, 1000 runs through Dhrystone
Execution ends
 
Final values of the variables used in the benchmark:
 
Int_Glob:            5
        should be:   5
Bool_Glob:           1
        should be:   1
Ch_1_Glob:           A
        should be:   A
Ch_2_Glob:           B
        should be:   B
Arr_1_Glob[8]:       7
        should be:   7
Arr_2_Glob[8][7]:    1010
        should be:   Number_Of_Runs + 10
Ptr_Glob->
        should be:   (implementation-dependent)
  Discr:             0
        should be:   0
  Enum_Comp:         2
        should be:   2
  Int_Comp:          17
        should be:   17
  Str_Comp:          DHRYSTONE PROGRAM, SOME STRING
        should be:   DHRYSTONE PROGRAM, SOME STRING
Next_Ptr_Glob->
        should be:   (implementation-dependent), same as above
  Discr:             0
        should be:   0
  Enum_Comp:         2
        should be:   1
  Int_Comp:          18
        should be:   18
  Str_Comp:          DHRYSTONE PROGRAM, SOME STRING
        should be:   DHRYSTONE PROGRAM, SOME STRING
Int_1_Loc:           5
        should be:   5
Int_2_Loc:           13
        should be:   13
Int_3_Loc:           7
        should be:   7
Enum_Loc:            1
        should be:   1
Str_1_Loc:           DHRYSTONE PROGRAM, 1'ST STRING
        should be:   DHRYSTONE PROGRAM, 1'ST STRING
Str_2_Loc:           DHRYSTONE PROGRAM, 2'ND STRING
        should be:   DHRYSTONE PROGRAM, 2'ND STRING
Begin Time = 2934
End Time   = 525087
User Time   = 522153
Microseconds for one run through Dhrystone: 522153 us / 1000 runs
Dhrystones per Second:                      1.915 
